500
0 7736 8711 9615 4765 7219 6920 5097 8920 6067 2005 6545 8332 2136 6029 7105 6797 7586 7606 5993 6817 220 3104 3453 5349 4893 3125 5654 1562 1123 8167 6464 4269 6853 8015 691 1248 9428 5198 7280 5005 6962 4692 3049 5756 8693 5737 9652 6615 7365 3707 7622 7198 756 4497 6101 79 5715 2 
1 6101 7055 1871 4679 116 8183 719 7630 5072 4079 2768 4222 2426 3630 8428 3468 8439 527 9758 5548 2900 7013 9580 7314 3081 9775 5502 971 329 1583 3520 6201 528 6953 6262 2863 4081 5798 1295 2247 3987 8441 1130 793 883 4035 9968 935 321 
2 6101 7055 1871 4679 116 8183 719 7630 5072 4079 2768 4222 2426 3630 8428 3468 8439 527 9758 5548 2900 7013 9580 7314 3081 9775 5502 971 329 1583 3520 6201 528 6953 6262 2863 4081 5798 1295 2247 3987 8441 1130 793 883 935 6613 7699 2962 9533 
3 6101 7055 1871 4679 116 8183 719 7630 5072 4079 2768 4222 2426 3630 8428 3468 8439 527 9758 5548 2900 7013 9580 7314 3081 9775 5502 971 329 1583 3520 6201 528 6953 6262 2863 4081 5798 1295 2247 3987 8441 1130 793 883 9244 7296 79 
4 5848 732 9023 2322 7795 574 3184 4787 7434 3207 3528 8450 475 5948 2260 5239 454 2028 5397 9451 8507 9025 7163 4348 7542 1305 6962 9598 4354 1345 7720 1939 2791 8362 6869 4951 9740 1523 3153 7971 9065 2855 6362 7055 1871 4679 116 79 
5 5748 6327 8711 9301 7517 2422 7791 5643 7234 7481 6369 5038 1079 3184 6487 2345 5112 4343 3326 9947 8233 9580 8188 6588 683 930 8893 5005 6387 1791 9604 4705 1935 8217 4628 9144 1711 4684 3262 9755 4788 8245 5418 9216 9325 5192 3474 9218 79 5715 2340 4855 7709 9224 2240 
6 7413 3584 199 4527 374 3079 8332 369 3304 5448 9219 457 2670 7694 1339 3795 4941 6503 5758 9027 2577 9089 3383 6650 8267 3547 4104 2038 8109 3 2002 7526 7889 8223 6320 3916 8710 7399 5045 5294 4241 5747 8723 4340 5715 6613 2962 
7 6613 1774 9903 1042 2615 4027 3106 9043 300 8907 399 7710 6351 3468 2856 3932 8386 7087 8858 8053 5661 6748 7123 7542 9598 1273 8693 9989 5216 7138 6149 2318 783 6354 5292 9055 6627 9216 1101 1877 8371 4043 1154 5109 1247 6534 6458 5248 6141 5783 321 5715 
8 321 3885 8716 1058 7791 300 4385 399 1083 477 2304 2346 2491 3061 9607 6073 6251 9004 7698 2958 5413 4077 7542 1305 6445 709 9031 4971 9712 872 9540 7904 9871 3557 3935 8874 9865 4212 7971 310 7276 2462 5316 3219 6473 5771 3376 
9 8183 719 7630 5072 4079 2768 4222 2426 3630 8428 8439 527 9758 5548 2900 7013 7314 3081 9775 5502 971 329 1583 3520 6201 528 6953 6262 2863 4081 5798 1295 2247 3987 8441 1130 793 883 935 6613 7699 
10 6258 259 8293 7285 2704 7864 6170 3792 9731 6712 3079 2437 3395 1560 3240 7105 2870 7379 7289 9607 2856 9551 6922 2670 7426 220 6390 6269 3453 2060 1734 3172 9940 8900 4401 3504 6343 7233 3714 1292 4970 7216 7167 6451 6499 6729 6869 1796 1940 3970 2223 8524 935 7699 8722 7438 
11 2340 2962 
12 2962 2288 2327 1956 1752 2349 1784 7481 8484 1560 7206 4442 4752 2668 6250 3408 8233 3870 8267 6669 7280 1181 5946 5768 7216 2212 3789 4622 3863 2846 5232 4212 2736 1491 1208 2168 4572 8358 4537 9208 8491 3023 6428 4501 2611 208 7699 3074 
13 9075 183 1383 8484 250 9464 776 949 6675 2158 5504 367 8450 560 5492 545 8531 9806 550 7163 1498 9735 7842 4606 551 9652 4567 5698 2489 9540 9407 1762 2147 5795 3666 2828 3909 6495 4486 8306 2986 1534 4855 7709 8722 8644 2340 
14 2340 4314 7713 6020 1348 5752 5359 476 6621 4923 949 9347 6492 6980 1611 3950 1831 6549 425 7950 9777 2485 5895 5660 4893 3673 3343 6301 1963 3545 7183 2910 4606 6336 9010 469 5668 4354 9211 5996 9576 4628 9652 2123 8863 8836 7202 3575 7752 1798 3048 4497 
15 1668 3982 447 8812 3111 8470 9374 7088 2182 6687 2413 9979 7049 4923 9219 4928 3751 3827 3061 6630 2085 2019 6855 7459 5654 8831 7698 1336 6903 132 5704 9137 1050 9735 2038 4606 6387 5365 4156 3745 5925 2176 7243 8363 790 1889 4842 7467 7056 9073 1491 7736 8711 9615 4765 7219 6920 5097 4314 2240 1625 8994 
16 8671 2058 9931 511 2875 6621 541 5029 1391 1246 108 9518 6424 6226 6698 1572 8220 3665 46 6588 2565 2383 3675 9806 8814 8055 3203 1293 759 7396 1898 8251 2652 9989 5245 5132 993 8990 6729 7673 1705 7960 2156 8978 895 4719 7165 5655 
17 6258 8722 1105 4664 1496 4765 311 8794 7791 9852 3079 2439 2898 8307 7320 477 3781 518 4928 3528 3507 4345 1542 3795 6236 3383 4011 6946 2958 9806 9470 5387 4346 4354 6696 5104 8040 5138 9238 1071 4645 4429 6214 8168 6815 4470 5030 7425 6186 1031 2325 7806 4855 1668 3074 9007 
18 3074 9453 5219 1763 1454 3006 76 952 2407 2439 7204 2304 5038 9464 6889 8539 3251 1611 4108 2668 2074 9050 9993 6115 6376 8687 1734 9089 8900 8267 456 2608 5961 4313 7365 7749 3465 6188 9238 4823 3262 9671 934 5254 4007 5406 6859 4709 9055 6627 6054 5677 1956 8830 647 6258 3936 
19 
20 4314 7713 6020 1348 5752 5359 476 6621 4923 949 9347 6492 6980 1611 3950 1831 6549 425 7950 9777 2485 5895 5660 4893 3673 3343 6301 1963 3545 7183 2910 4606 6336 9010 469 5668 4354 9211 5996 9576 4628 9652 2123 8863 8836 7202 3575 7752 1798 3048 4497 
21 183 4909 8470 5326 7791 2407 1401 476 5193 6216 7029 2074 1986 2085 3119 4912 30 6251 8169 2867 730 8257 2554 7057 9640 7101 6074 5413 9988 9132 1329 2676 8605 7598 2603 8990 1641 3651 8363 5443 4591 4086 8135 8552 6931 4212 742 1774 1105 9013 3023 925 9834 
22 6258 8722 1105 4664 1496 4765 311 8794 9852 3079 2439 2898 8307 7320 477 3781 518 4928 3528 3507 4345 1542 3795 6236 3383 4011 6946 2958 9806 9470 5387 4346 6696 5104 8040 5138 9238 1071 4645 4429 6214 8168 6815 4470 5030 7425 6186 1031 2325 4855 6187 1668 2121 3074 
23 7736 9040 6528 3533 2857 9349 9510 4423 3537 6797 6676 4886 7586 3022 7511 9637 5553 9822 2028 9027 4517 7101 8947 6903 437 9908 1050 3135 7233 3843 670 2396 5245 7598 2057 695 1711 1425 2444 2877 1354 5531 5992 5713 5880 5445 9834 1289 7759 6296 6187 6712 8644 
24 4314 7713 6020 1348 5752 5359 476 6621 4923 949 9347 6492 6980 1611 3950 1831 6549 425 7950 9777 2485 5895 5660 4893 3673 3343 6301 1963 3545 7183 2910 6336 9010 469 5668 9211 5996 9576 4628 2123 8863 8836 7202 3575 7752 1798 3048 4497 
25 7120 321 
26 7120 5962 
27 7296 7652 2 
28 9968 9139 6458 9573 2058 8922 2475 88 7629 4423 4988 9036 7077 1986 1137 7586 7615 1167 7956 8531 9191 7856 7922 6074 1336 1538 3190 4070 5471 9598 7064 3007 3989 8990 3839 686 8245 4178 2465 8885 3718 1452 9208 1204 
29 8387 3830 3885 3376 9615 4341 1121 5053 6153 3050 2537 8848 7355 3243 7606 6073 9290 9555 9027 2577 1505 1396 4269 8579 1227 4104 1898 1329 5639 5500 6750 912 2342 141 3575 3681 7604 225 6869 61 3666 2014 5995 310 2143 5880 9968 6938 
30 2 5962 6584 1353 6161 9043 2439 511 7320 9040 5006 7987 5821 5063 9120 4423 9036 1137 6785 8908 3073 1900 5543 6139 3064 4011 9666 3675 9548 6945 6359 2741 1963 9428 3362 4913 3135 8195 5668 5925 8726 6511 585 2292 3942 9407 1528 8135 1796 8681 7399 6054 569 5307 8284 
31 2555 6538 9834 7759 2437 511 776 6737 5006 5898 3561 3703 640 267 6454 8445 3408 1504 7454 1734 2577 3249 6833 9586 1510 2607 3195 3463 9735 5387 8816 3714 5520 4021 6046 7570 22 141 7082 5443 7178 6214 4951 5531 1796 352 3877 
32 7713 6020 1348 5752 5359 9347 6492 6980 3950 1831 6549 425 7950 9777 2485 5895 5660 3673 3343 6301 3545 7183 2910 6336 9010 469 9211 5996 9576 2123 8863 8836 7202 7752 1798 3048 
33 9199 7736 9301 5507 4311 8495 6014 7012 4362 3106 7751 8145 3240 5899 6737 7105 443 155 133 5964 2760 7077 177 1025 4647 3926 8185 8233 7641 2600 3723 3567 4021 9144 9351 2176 438 1762 3882 3666 2424 1835 463 1281 1793 9635 1606 1041 5515 
34 9842 5748 
35 2240 
36 
37 7413 569 8406 5677 1343 2666 5219 925 8212 3103 6920 1524 3158 7474 2611 6899 1375 8345 9032 1790 7899 5163 188 4442 88 1986 4843 9822 5286 8078 2693 3125 7057 6359 5019 7932 2038 1761 2189 1570 2652 3883 5794 2653 3557 8135 9816 5846 349 8807 5171 2954 9377 1387 4580 
38 183 4909 8470 5326 2407 1401 5193 6216 7029 2074 1986 2085 3119 4912 30 6251 8169 2867 730 8257 2554 7057 9640 7101 6074 5413 9988 9132 1329 2676 8605 7598 2603 8990 1641 3651 8363 5443 4591 4086 8135 8552 6931 4212 742 
39 9848 1117 420 9669 8841 9852 2533 2699 399 4060 1750 2875 6889 4350 1246 8022 7586 1150 1638 1572 4168 6376 8414 307 2239 8217 5925 2972 131 5443 9407 1762 9256 697 1686 7199 6409 7318 8683 4150 5867 2302 3897 5880 5445 9834 1289 7759 6296 6187 2240 
40 8005 2155 1752 9443 6428 6360 712 3537 3944 9480 1942 828 7213 9425 1153 5088 4348 1110 9579 397 6677 4294 8251 4822 9281 3052 2876 3681 9407 9583 7536 4037 5143 3356 1860 792 3670 1905 8371 6187 105 6611 6687 7710 8994 1625 3144 
41 5507 2 
42 7949 8387 3012 
43 7949 
44 
45 1774 9903 1042 2615 4027 3106 9043 300 8907 399 7710 6351 2856 3932 8386 7087 8858 8053 5661 6748 7123 7542 9598 1273 8693 9989 5216 7138 6149 2318 783 6354 5292 9055 6627 9216 1101 1877 8371 4043 1154 5109 1247 5962 8125 9199 9848 7949 
46 
47 
48 7652 
49 7413 6134 8193 8498 8832 3146 9731 523 3240 9219 9733 7210 8600 3533 4317 5003 4423 4965 2074 2085 8174 8958 4907 774 6739 9027 3047 8256 5896 3005 2972 6453 3230 7599 8854 4842 5795 61 5150 513 3044 1141 3576 6808 2382 1680 58 1668 
50 259 3023 148 8910 1731 9023 6608 7179 4134 8599 5860 2475 155 4108 7333 5656 267 6347 1728 5239 9004 4230 5758 5014 2693 5645 9654 376 1948 3597 6137 3007 5756 8251 5245 8089 372 7146 4684 2464 8342 6254 4966 3637 643 9842 
51 259 3023 148 8910 1731 9023 6608 7179 4134 8599 5860 2475 155 4108 7333 5656 267 6347 1728 5239 9004 4230 5758 5014 2693 5645 9654 376 1948 3597 6137 3007 5756 8251 5245 8089 372 7146 4684 2464 8342 6254 4966 3637 643 
52 5880 9244 
53 8491 6938 
54 4326 5064 3316 8212 9990 625 8140 1149 4286 8068 1546 1750 1647 2109 1223 2732 7333 6797 9970 774 9898 3463 6359 7135 3405 3801 6610 718 2239 2598 4359 6750 3465 4627 9755 6338 6863 7199 3231 9325 6421 354 3552 9961 
55 3936 
56 7880 447 6170 2058 9008 6737 2943 9933 7653 1572 9795 6875 7956 2589 332 6075 5043 7151 3567 8733 8055 3049 9837 1719 9989 8628 9293 1613 4567 141 6798 9540 7278 1528 9376 9871 1918 5143 1436 9073 3496 9533 4199 745 8293 8130 352 6938 
57 3012 2288 
58 1774 9903 1042 2615 4027 3106 9043 300 8907 7710 6351 2856 3932 8386 7087 8858 8053 5661 6748 7123 1273 8693 5216 7138 6149 2318 783 6354 5292 9055 6627 9216 1101 1877 8371 4043 1154 5109 1247 4035 412 6538 4199 
59 9903 1042 2615 4027 8907 6351 3932 8386 7087 8858 8053 5661 6748 7123 1273 5216 7138 6149 2318 783 6354 5292 1101 1877 4043 1154 5109 1247 3012 4035 3885 5053 3113 5156 
60 9199 9301 5507 4311 8495 6014 7012 4362 7751 8145 3240 5899 6737 7105 443 155 133 5964 2760 7077 177 1025 4647 3926 8185 8233 7641 2600 3723 3567 4021 9144 9351 2176 438 1762 3882 3666 2424 1835 463 1281 1793 9635 1606 1041 5515 
61 7652 3032 
62 
63 9842 7880 4728 6021 6920 5341 7001 2322 7267 6281 5193 3784 1339 8887 3053 7454 8881 2651 1495 9395 4684 1916 1917 5065 9493 9740 820 9332 4470 703 6295 9645 6495 9313 7670 2711 7949 8125 
64 4035 8134 6827 4176 
65 8125 3144 1383 6778 5248 3728 552 8487 8062 2322 8227 3089 7044 9713 9551 6895 1981 6139 6817 3022 9795 6503 7057 1164 56 2458 5702 5247 4156 1292 8894 3883 3820 355 842 2424 6662 8698 9878 6398 6129 1220 1452 9255 1105 4664 1496 
66 9848 
67 
68 9848 8994 
69 9453 5219 1763 1454 3006 76 952 2407 7204 2304 5038 9464 6889 8539 3251 4108 2668 9050 9993 6115 6376 8687 1734 9089 8900 8267 456 2608 5961 4313 7365 7749 3465 6188 9238 4823 3262 9671 934 5254 4007 5406 6859 4709 1299 8134 3543 8812 9013 148 2422 
70 7153 
71 
72 
73 7762 8387 412 9075 9265 6044 7219 2349 3146 5251 6889 9114 5887 8896 5656 1139 6332 1150 7787 5997 4004 8185 5194 5810 2565 3125 3102 376 3047 3160 863 6423 6011 1800 3989 6188 7198 2342 8854 5503 7467 798 6662 6421 2462 7975 3552 8688 8994 
74 4664 1496 311 8794 9852 2898 8307 7320 477 3781 518 4928 3528 3507 4345 1542 3795 6236 3383 4011 6946 2958 9470 5387 4346 6696 5104 8040 5138 1071 4645 4429 6214 8168 6815 4470 5030 7425 6186 1031 2325 3982 9533 7438 
75 
76 412 8671 4311 5451 1601 3158 6281 4060 4317 5295 468 5572 133 5141 6376 6061 7833 2693 896 9425 1140 2232 8325 2038 6063 668 176 1329 9704 3607 6453 1566 857 9281 8570 2030 1916 5301 3895 4591 4280 9521 9493 2156 9199 9301 5507 9545 
77 
78 
79 5762 
80 311 8794 2898 8307 3781 518 3507 4345 1542 6236 6946 9470 4346 6696 5104 8040 5138 1071 4645 4429 8168 6815 5030 7425 6186 1031 2325 8125 
81 7438 9129 5848 2666 148 1752 552 650 9138 1401 1657 6029 3964 4350 5063 2183 4784 5149 4941 3675 2184 8055 691 2198 1791 4749 4294 5896 6144 8111 6024 8027 3653 9485 6070 790 2444 9256 9816 3909 2424 5797 8268 
82 
83 7762 7438 5064 8284 1125 753 523 8484 5821 4442 9677 108 367 6785 3720 4356 5212 3453 6061 9089 3020 9496 5288 5247 4541 9521 1918 6869 8309 9609 9901 5408 9065 5552 5519 7834 9961 465 8782 6298 
84 7883 1984 8043 6537 9615 3077 1117 5783 7782 2414 3146 6270 7481 1328 3784 7200 3513 8600 2707 4034 2064 3119 1822 8958 8566 3022 3326 3053 4907 1504 2752 7956 6001 5810 3706 550 5477 397 4378 2598 4520 7706 7167 1839 6070 2489 871 5901 731 2634 2828 7373 259 8910 1731 9023 9453 7296 
85 4311 8495 6014 7012 4362 7751 8145 5899 443 133 5964 2760 7077 177 1025 4647 3926 8185 7641 2600 3723 3567 4021 9144 9351 2176 438 3882 1835 463 1281 1793 9635 1606 1041 5515 
86 5412 6547 6030 8116 6161 4824 650 6196 1375 2304 8539 8022 2260 7948 5758 7304 1323 5211 7064 718 6970 4970 7243 8287 7744 6859 2147 145 2753 8683 6477 5700 9435 5867 3479 4238 1633 
87 427 
88 2555 9139 7852 5099 843 2662 9483 7456 4286 6270 4060 5401 9230 108 9720 5948 1981 4962 9004 75 5212 1555 5553 3249 9463 8352 9428 4692 358 8290 5185 2745 731 8859 2307 7373 1491 5408 2750 3762 1452 2029 2121 7240 1429 9197 1601 
89 7296 
90 1299 8134 3543 8812 9013 2422 2114 9669 2052 753 1476 3914 8345 712 9114 2109 6306 4787 4626 8580 4442 4091 8728 2518 6332 1515 6802 6071 4077 6853 1923 7659 4156 8816 1292 6453 2764 5385 9540 2444 3159 3812 5323 3121 4342 1169 8782 8562 126 
91 7429 
92 
93 9007 
94 4020 3836 7864 5099 5788 5775 4967 574 7053 3752 8728 5948 977 1642 6770 6074 9337 5033 6677 5866 6961 3186 8570 9684 3726 61 5143 5192 6022 354 8753 1129 6129 2624 4080 8782 3255 2555 9139 7852 
95 745 1534 2630 
96 9075 183 1383 8484 250 9464 776 6675 2158 5504 367 8450 560 5492 545 8531 550 7163 1498 9735 7842 551 4567 5698 2489 2147 5795 2828 3909 6495 4486 8306 3877 8293 8116 838 
97 9075 1383 250 776 6675 2158 5504 367 8450 560 5492 545 8531 550 7163 1498 7842 551 4567 5698 2489 2147 5795 2828 3909 6495 4486 8306 9842 5748 447 
98 6044 2264 2679 
99 2155 9139 7852 5099 8462 1375 1083 6550 1868 3926 7786 1665 2589 1515 6650 7820 1206 6100 9908 9025 6324 2741 930 5546 4450 4692 2895 8634 670 9621 1405 3229 1319 2030 5385 4007 4086 5609 7526 6863 5230 6320 7952 1299 2121 5437 1134 
100 9545 3877 
101 7880 4728 6021 5341 7001 2322 7267 6281 5193 3784 1339 8887 3053 7454 8881 2651 1495 9395 1916 1917 5065 9493 9740 820 9332 703 6295 9645 9313 7670 2711 
102 3012 
103 105 6611 6687 3251 9518 5849 3944 8022 5966 1043 4957 220 8881 1665 3870 2203 1020 2125 7135 9604 358 1800 4359 4333 4431 3839 9755 2791 3935 639 4337 2601 5552 7291 3811 4798 3486 6534 
104 2155 
105 6054 
106 1125 7759 3113 4967 4071 4501 7481 8145 2537 4350 583 2486 1195 7948 6949 2412 8049 828 2589 2028 9463 9398 687 6324 1580 7396 6326 5909 5639 4698 4520 8686 8111 1566 1889 7604 9187 9364 4047 3916 210 9414 5418 
107 1299 
108 4901 8134 6327 5219 8212 5326 1670 952 7545 2569 4151 2537 8248 8092 782 663 3842 1137 475 3053 4093 5871 1396 8987 8015 5546 5896 5946 1405 4359 7683 4541 7579 8780 3493 9248 5429 7744 834 639 4880 1940 960 9414 105 2013 3543 
109 9129 6134 9013 7575 7517 3602 6161 7474 8248 4619 7899 7434 8696 4437 7026 30 6631 1479 3684 7126 3195 4913 5702 9632 6962 3117 6961 4541 8089 4036 4591 1579 2871 4086 7038 9583 3882 9435 8684 1423 8333 105 6611 450 2327 
110 3144 7429 
111 
112 8387 3830 3885 3376 4341 1121 5053 6153 3050 2537 8848 7355 3243 7606 6073 9290 9555 2577 1505 1396 4269 8579 1227 4104 1898 5639 5500 6750 912 2342 141 3681 7604 225 61 2014 5995 310 2143 9244 4985 374 5788 352 
113 7880 5677 8284 8462 5917 7267 8121 5006 3751 7569 4752 4948 813 663 30 8881 6469 1336 3093 1948 6343 2125 9579 9646 6387 4692 6592 8787 3839 9755 1917 1918 4880 2483 6320 2966 3403 6767 6323 7971 2784 9697 
114 979 9545 5340 3077 8910 6467 1752 1670 5386 7545 7234 6899 5401 5885 1287 3750 7653 2345 2583 8601 8049 5149 5155 6061 3047 6625 1248 9428 3823 5702 3135 9704 7725 2139 695 3230 22 7069 3789 8300 2966 7293 2771 310 9409 1807 
115 7762 647 9688 753 7267 6280 1750 1079 2003 4234 6675 7289 6630 3757 3835 1139 8797 1167 295 1780 5043 3190 4302 6615 3013 4333 6451 8027 1425 2292 8342 6526 7082 7896 5901 7467 5333 4977 7477 9040 
116 2155 3261 3395 7790 3700 2983 3958 850 2650 640 5295 652 8728 5547 6250 332 5014 3303 6464 3684 9398 8055 8352 5604 9982 6592 4252 7720 8377 2403 9671 8612 9816 6143 2344 4080 8782 1931 
117 
118 3894 3758 6458 2773 6922 3750 1195 6817 4230 7833 269 7419 8256 4203 2113 9829 6615 1702 130 6261 3864 1741 413 4055 9583 2846 219 3916 3814 8925 4486 2168 9185 
119 1125 3113 4967 4071 4501 4350 583 2486 1195 7948 6949 2412 8049 828 2589 2028 9463 9398 687 6324 1580 7396 6326 5909 5639 4698 4520 8686 8111 1566 1889 7604 9187 9364 4047 3916 210 9414 5418 7709 9224 9160 
120 5445 1289 6296 9443 3158 6712 8343 5401 3513 3835 8982 5194 1479 759 6011 1628 2189 3843 7664 1839 385 3656 2876 3352 6254 1414 9871 5177 9159 2923 6295 5995 1208 8683 8268 9244 
121 
122 412 3758 450 1238 8830 9573 9461 4786 4801 707 2005 7053 208 2679 4234 3703 1904 7756 9014 7252 1780 9555 3020 9463 9380 7321 5198 6415 307 7673 1705 7278 834 7467 225 8891 9085 1491 6747 3552 3718 6398 7177 1220 3894 
123 
124 8671 2058 9931 511 2875 541 5029 1391 1246 108 9518 6424 6226 6698 1572 8220 3665 46 6588 2565 2383 3675 8814 3203 1293 759 7396 1898 2652 5132 993 6729 7673 1705 7960 2156 8978 895 4719 7165 5655 
125 4326 4985 4352 6470 3377 9008 2943 2146 2673 1799 6331 5239 3104 8756 4056 2513 5662 5857 9451 3047 683 6415 8634 9293 4541 3582 5052 4842 2792 5177 1341 895 4719 5258 3153 7318 8598 1445 5519 9545 8431 5848 
126 7652 9533 6827 
127 
128 5869 5848 7429 3032 5451 6978 8235 1790 7379 7367 5492 2019 4957 8017 5662 2951 1050 6343 3937 6445 1935 5981 4970 1175 9330 3653 1581 2464 8854 7673 218 2877 8612 210 1208 2690 
129 6938 
130 5762 
131 
132 
133 
134 
135 6030 
136 3877 8406 
137 8495 6014 7012 4362 7751 5899 443 5964 2760 177 1025 4647 7641 2600 3723 9351 438 1835 463 1281 1793 9635 1606 1041 5515 
138 4901 4340 6044 84 5783 76 8227 2818 1137 7606 1728 90 9822 9555 7048 6625 4077 1153 7321 2125 2189 1800 8027 3653 8776 4106 5406 960 2278 8807 8708 168 6062 2744 1845 3495 7762 2986 
139 
140 
141 2121 1625 7285 6635 2175 4824 6545 7919 8150 4034 4828 7742 9991 2412 5553 5767 6509 866 2608 9478 865 3465 3789 4627 8300 790 7038 8612 3238 9498 7291 4407 3969 8708 4238 2191 
142 
143 
144 
145 9007 
146 3144 6534 7997 8284 7864 9299 2114 6296 3006 3050 7234 8332 6280 250 8121 6528 1391 663 6332 475 3720 1195 6251 247 3408 5383 3172 6802 7048 6650 8733 3226 1153 6385 1923 5054 5277 6705 207 372 7082 4036 1932 6257 4047 2923 5026 3936 
147 2643 5340 
148 7883 6827 8193 1353 6404 3753 1524 7519 7434 188 7933 4760 782 9836 6139 4784 9947 4093 6739 3249 2184 1153 4636 5925 1912 695 1265 7347 5523 7069 7221 5052 7056 820 4691 5875 9206 1905 5555 7822 6611 7153 7709 3758 
149 
150 
151 979 5748 5677 2773 3285 541 3320 4787 7933 7289 2150 5141 6817 3020 3463 3203 4913 3937 8904 1791 9608 1702 7706 5768 7335 5385 8973 6257 1414 9172 5230 9740 6323 3727 9409 4916 
152 7852 5099 8462 1375 1083 6550 1868 7786 1665 1515 6650 7820 1206 6100 9908 9025 6324 2741 930 5546 4450 2895 8634 670 9621 1405 3229 1319 2030 5385 4007 5609 7526 6863 5230 6320 7952 6547 7732 7153 3936 
153 
154 9224 9160 7864 3050 4619 3752 850 2650 652 1066 5948 5141 2412 7459 9898 6099 2554 9425 1465 9478 3101 9031 6046 7598 8787 7146 7369 5523 3582 6639 5185 1341 7971 2014 2690 3305 9719 8989 4199 
155 2986 
156 6054 4377 1956 7806 6270 8922 8600 1904 652 2192 2735 267 4988 9036 4463 7162 2929 7521 6390 5662 1510 5896 1181 1800 7365 4520 5166 3262 2444 660 7889 4037 5942 8918 5995 8899 3670 5771 
157 3753 9990 2349 6545 1256 6899 8922 9260 5547 7742 937 6982 7050 4093 774 4941 1323 3354 6770 56 863 3843 7072 551 6961 3820 8111 7664 8392 9957 7069 3895 4280 1341 1117 420 
158 
159 6687 3251 9518 5849 3944 8022 5966 1043 4957 220 1665 3870 2203 1020 2125 7135 9604 358 4359 4333 4431 3839 2791 3935 639 4337 2601 5552 7291 3811 4798 3486 3371 
160 
161 
162 8130 6170 2128 76 4501 8883 2983 4626 8600 2650 7439 1799 7521 2902 4717 9480 8756 7956 1555 3051 5014 1538 5253 3505 9273 8195 8593 2676 5961 5801 3963 3707 2764 4804 3230 7912 5065 6859 9593 2555 
163 9129 3032 925 2422 4958 3113 9443 4619 1391 9120 4988 6454 2583 7521 8220 46 7304 9898 7151 8690 6509 9451 8146 4450 1791 7036 3117 8605 9807 7278 8552 8985 5742 6334 7078 5214 9325 9918 4730 1219 7537 7153 
164 3543 8812 2114 9669 2052 753 1476 3914 8345 712 9114 2109 6306 4787 4626 8580 4091 8728 2518 6332 1515 6802 6071 4077 6853 1923 7659 4156 8816 1292 6453 2764 3159 3812 5323 3121 4342 1169 8562 126 7883 
165 
166 
167 
168 
169 6030 6044 4527 3103 374 2175 8663 8920 7474 4457 876 4884 7569 5887 4948 2732 7333 7929 6486 5997 6028 5383 8259 6739 3051 9965 3249 3195 863 8325 1923 5604 8702 8217 5801 3726 1741 871 3681 5143 7399 3727 
170 3792 3752 8696 4760 9465 7742 3119 1150 1043 1081 6061 2513 6833 9586 8733 7419 8217 207 7410 2057 858 4414 8570 2737 5085 989 895 1940 6544 1984 
171 8491 
172 5762 
173 2288 9270 5326 2136 3914 188 7629 2486 2150 6771 901 7050 8210 3236 6099 896 1833 2741 7513 4070 3101 5909 5946 6786 676 5429 8612 7960 703 1077 3072 8268 9961 2873 
174 
175 238 3371 9461 4170 523 4134 5860 1246 560 2260 4957 1430 2932 3051 5654 4890 9083 9425 1140 7932 7659 2113 5909 307 4431 9192 7082 7744 9936 5333 7007 2990 1860 8753 3275 1129 6362 9887 3748 5445 8711 
176 
177 
178 
179 
180 
181 
182 
183 2986 
184 3894 1984 
185 6534 7997 9299 2114 3006 7234 8332 6280 8121 6528 663 475 3720 247 3408 5383 3172 6802 7048 8733 3226 6385 5054 5277 6705 207 372 4036 1932 6257 4047 2923 5026 427 
186 2327 3316 4377 3586 6635 1149 1083 5090 7289 9510 5849 3073 1642 6099 4528 7126 2698 3234 6669 7740 759 358 2810 5433 9807 3319 3704 872 697 1796 1523 6295 1142 5552 2855 4901 
187 
188 427 8293 
189 5849 3944 5966 1043 3870 2203 1020 7135 9604 4333 4431 2791 3935 639 4337 2601 7291 3811 4798 3486 1289 8491 4340 
190 
191 
192 5064 4286 6744 1657 7790 3703 2673 813 5772 7026 8609 247 46 5871 2513 5198 7659 8816 3007 3714 4069 4636 5768 1711 2740 858 6616 8189 4106 5085 5065 1749 3159 239 6931 210 7413 4326 
193 1534 3111 9930 7519 
194 
195 4326 1429 9453 3077 6404 5322 5386 8343 2735 4828 3241 5636 2565 4507 7151 1510 3195 5710 691 7932 2198 6677 718 6144 2740 5390 7664 2342 6616 9485 218 6829 6409 3474 1740 8136 
196 1429 2892 7575 8116 1058 2175 5451 6550 7434 3533 6487 3537 901 8887 9637 2274 3665 7833 5810 8900 4890 7553 1833 8814 5780 5211 8893 8986 9205 5471 1935 5132 9764 7683 7570 8932 8392 6338 8800 8331 5412 
197 5869 4909 8716 3371 8830 6404 5386 7782 5451 8528 6899 7049 9444 3363 5006 3533 9465 7786 4343 7694 2060 9290 6739 9822 3547 691 4104 9646 6962 3843 4313 9293 7622 7347 1852 7720 9476 5901 3894 2704 8105 2414 
198 5966 2203 1020 4337 2601 3811 4798 3486 
199 3830 3376 4341 1121 5053 6153 8848 7355 3243 6073 9290 1505 1396 4269 8579 1227 5500 6750 912 225 2014 2143 5962 2666 9573 369 745 
200 4901 4985 6827 6134 707 4134 5401 2491 7439 325 860 9637 2752 9898 5580 7922 9380 2951 9083 7602 2617 8893 3937 6610 2239 9293 2978 131 7570 8776 7984 3582 5224 8855 6334 4037 9885 9073 
201 
202 1956 1121 732 7266 6712 6360 8062 6280 3304 9114 7919 88 3757 5483 5547 6413 5286 1935 718 6144 22 934 3726 5503 9187 1929 3970 7647 8753 7177 
203 
204 
205 
206 
207 
208 2327 7285 8130 838 9573 7806 2773 2005 3061 2100 1150 8687 1736 1323 8008 1948 3597 5365 5737 738 865 4804 8014 1319 7904 9256 3557 2792 5566 5713 5150 8533 3576 
209 352 9930 4624 9600 7200 5090 8269 9014 2979 1260 6269 1479 3547 5462 5704 5198 8157 4749 1581 1939 3942 5085 9583 4788 4719 5992 8683 944 7169 
210 
211 
212 1625 569 5340 4624 7545 1216 7899 8423 4884 557 6875 9940 6075 2554 9025 6853 9800 5054 1770 2598 8570 4037 3814 2344 9115 9323 3672 8803 9174 554 
213 1984 
214 
215 
216 
217 5412 569 1979 3032 1429 647 5248 2349 3146 6978 8248 8423 3752 9677 4356 5141 9991 9947 1167 295 56 8106 1833 1248 7932 3937 9632 2198 6677 8702 8605 9892 9723 9485 8363 5525 413 8221 478 
218 2643 4352 3602 2662 6067 9008 8599 5251 7845 541 7085 3509 6922 8609 977 4962 4230 1950 7254 7048 9380 4214 7064 4705 5756 5961 6502 1345 7570 3493 4252 4823 1705 7536 5069 5408 944 9007 
219 7429 9224 9197 732 7355 2538 7180 2486 1900 5543 6269 2060 376 6945 4302 6669 3405 8894 1912 1702 7664 7142 1686 7007 1208 5676 2010 4572 7259 7822 4766 5437 8406 
220 
221 
222 
223 8406 
224 3077 6404 5322 5386 8343 2735 4828 3241 5636 4507 7151 1510 5710 2198 6144 2740 5390 6616 9485 218 6829 6409 3474 1740 8136 
225 7997 9299 8121 6528 3720 247 5383 3172 3226 6385 5054 5277 6705 207 4036 1932 6257 2923 5026 
226 4020 5340 8431 4624 9483 4824 221 8487 1358 5163 2146 5887 9465 4843 8445 3073 8880 4004 1430 5810 5111 7733 3230 912 8342 6526 4627 4842 3159 5589 4974 354 3496 1680 3743 4531 
227 9129 6134 
228 7575 
229 
230 3783 8130 2128 732 1670 4170 4967 8528 200 7029 9215 6060 4639 1822 8687 7254 9908 7072 5166 8027 4822 3853 4280 697 3356 4241 6416 1905 1129 1869 2191 345 836 118 
231 6082 5248 5322 5458 1476 9659 2182 6369 7210 7771 4988 9014 7147 5155 5767 4528 6391 405 4068 3463 4302 1248 5866 6786 9594 8287 4627 2737 2653 5177 3238 219 2634 1585 3153 1929 7240 
232 2643 5869 7575 9197 1557 523 7088 2569 1934 3320 3958 4234 7933 5572 7771 3750 8104 5772 8609 9836 7050 8418 6001 7553 2607 4302 4214 6970 8894 5500 131 7198 7336 5589 4788 8927 3699 5700 9878 
233 2288 
234 
235 
236 
237 
238 2904 8498 2128 374 2003 7569 4948 813 3842 7162 5772 755 1260 828 3597 1365 5471 9621 6961 9995 9594 8014 4308 5406 703 643 6747 3923 1869 3479 2344 5348 
239 5412 
240 
241 
242 
243 
244 8644 6030 3521 1343 1524 7806 2005 6545 1401 7845 7049 4660 7379 5339 6630 813 2404 1950 1858 5270 8078 6075 9496 5662 8912 3684 8352 3664 5389 7749 6070 9476 7278 9493 8030 8927 9885 9414 4020 8005 9265 6170 
245 
246 7240 3586 647 5917 9008 9138 8896 7439 7742 2183 7787 6269 7252 1323 896 4783 8831 9666 9259 5546 5033 9594 7998 6639 1749 10 4586 6438 613 4945 
247 3758 3316 4531 420 2685 5341 8068 9003 5003 9551 4717 2274 6469 1562 5710 2613 3092 1345 9703 131 6786 6913 6616 9248 227 6070 9712 8300 3863 2846 1523 5069 3970 7509 7191 
248 9968 2904 205 3728 4824 6270 8343 9032 2870 4660 7933 5063 4886 5871 5645 1336 2951 6610 9982 6970 3607 6909 7369 5698 6798 6338 9332 5150 4691 7040 1807 3670 5747 4572 1204 8431 8212 4527 
249 
250 5762 8431 5788 1601 4151 1091 3285 876 991 8685 9467 4965 325 3504 4494 1498 5088 8109 2810 7198 8973 8060 4880 2483 5230 4444 5980 3153 
251 1343 2666 925 3103 1524 3158 7474 2611 8345 9032 1790 7899 5163 188 88 4843 5286 8078 3125 6359 5019 1761 2189 1570 2652 3883 5794 2653 3557 9816 5846 349 8807 5171 2954 9377 1387 4580 7240 7219 
252 
253 427 1979 
254 
255 
256 3830 4341 6153 8848 3243 1505 8579 1227 2143 
257 9443 3513 3835 8982 5194 1479 6011 1628 1839 385 3656 2876 3352 6254 1414 9871 5177 9159 8268 447 
258 
259 8644 3521 1343 7845 7049 4660 7379 5339 6630 2404 1950 1858 5270 8078 6075 9496 8912 3684 8352 3664 5389 7749 9476 8030 8927 9885 
260 9930 8716 6978 9931 6744 3184 1647 5448 3089 7044 3380 6226 6922 3022 4907 8210 1504 3706 8507 955 687 9436 1365 6810 1719 7457 9192 5802 2000 3895 1579 4880 5713 8221 3044 9917 5797 
261 
262 
263 9669 2052 1476 3914 712 2109 6306 4626 8580 4091 2518 6071 2764 3812 5323 3121 4342 1169 8562 126 
264 6428 2611 208 6447 3869 6487 3842 6001 1562 5234 3013 9807 3229 676 5523 7069 2737 1142 3670 6057 4324 2029 6622 7253 6752 9352 3307 8005 5437 
265 2643 8716 7133 4539 991 2673 3757 2668 7180 6486 6139 5155 730 2383 4780 1164 7788 3841 5477 1293 397 2895 6810 9807 5389 22 8060 5566 6662 3474 2990 5494 6477 
266 979 
267 9930 8832 6608 4801 4526 3043 9444 2595 3513 2707 4760 5504 2735 937 977 9480 5286 5288 9380 8106 6460 2608 5211 4661 6810 9829 2817 3229 6338 5258 4444 5418 5150 1807 3305 5172 3297 
268 7997 3602 4539 1216 8696 5572 2932 9829 8726 3319 910 3653 1319 5224 9172 1009 5713 3637 944 792 8358 9045 3154 6941 
269 9731 6067 8618 9230 3958 7029 4317 3207 6424 4941 4783 6833 7553 955 9398 1140 9259 5604 4282 4636 2978 8930 9764 857 5815 7998 5052 9256 8362 5333 
270 
271 1125 4071 583 7948 6949 8049 687 1580 6326 4698 8686 1566 1889 9187 9364 
272 3783 2128 1670 4170 8528 200 9215 6060 4639 1822 7254 7072 5166 4822 3853 4280 697 3356 4241 6416 1905 1129 1869 2191 345 836 118 
273 
274 4020 3836 5788 5775 574 7053 977 1642 6770 9337 5033 5866 3186 9684 3726 5192 6022 354 8753 6129 2624 4080 3255 
275 5437 7669 1790 2870 5885 7367 652 2064 7486 9637 1242 8931 456 1293 254 5132 9330 8855 5609 1585 9689 513 8598 5323 286 9357 5172 5416 
276 
277 
278 
279 4199 
280 6327 4377 6608 8487 8235 6060 6698 1339 7252 3064 5111 6734 2409 1613 6898 3582 4308 5294 6421 654 9449 8031 7063 6914 9751 4602 
281 9688 1750 1079 2003 4234 3757 3835 1139 8797 1167 295 1780 5043 3190 6615 3013 6451 1425 2292 6526 7896 5901 5333 4977 7477 1117 847 
282 
283 
284 
285 1534 
286 
287 9374 7968 8209 2480 200 8922 2650 2774 6875 2274 3020 7698 955 6063 4705 8176 9521 1354 3231 9780 1423 6438 7657 8331 7185 2032 5117 1112 
288 
289 8528 9979 9600 8269 2150 6855 5155 7213 6469 9940 6071 3354 683 9579 5471 7683 5815 790 2000 2692 8552 8935 
290 552 650 9138 1657 6029 3964 5063 2183 4784 5149 2184 4749 4294 6024 5797 
291 
292 8830 5643 4539 707 7206 7053 3958 4317 3561 2707 3380 8908 921 1260 1780 8931 1365 9478 8930 1846 8089 1852 4804 8787 6639 2877 5232 7078 5980 6747 2750 7517 
293 
294 4352 3584 7 4801 8618 7795 3043 761 7519 6029 9955 2943 6285 6671 7653 7147 557 9947 9191 6625 8414 930 1157 9646 6681 4232 2972 7720 3656 5085 1464 455 4586 8574 2866 
295 9374 7968 8209 2480 200 2774 6875 2274 7698 955 6063 4705 8176 9521 1354 3231 9780 1423 6438 7657 8331 7185 2032 5117 1112 2892 8069 
296 6327 
297 4909 8470 6216 4912 8169 2867 730 8257 9640 7101 5413 9988 9132 2676 2603 1641 3651 6931 742 
298 6978 9931 6744 3184 1647 5448 3089 7044 3380 6226 4907 8210 1504 3706 8507 9436 1365 6810 1719 7457 9192 5802 2000 3895 1579 8221 3044 9917 5797 4352 4958 
299 
300 6672 2685 9990 7 7874 2569 7919 1223 4828 2001 8174 5993 4494 2951 5509 9757 5247 8904 2895 1770 9837 1181 9330 9723 4308 5224 7888 9172 2307 7373 798 1869 8005 2892 
301 
302 2630 6465 6161 5097 9086 7790 4660 5885 9607 7023 3326 9191 3241 3064 9586 6464 405 6460 340 3498 254 5737 4698 1852 5815 2464 3863 8309 9865 745 
303 
304 6547 7732 8832 1058 1149 3232 3043 2847 2150 8880 5543 7694 1642 9640 683 9646 5005 5365 6610 2139 585 7888 8532 7056 9385 3970 1464 8313 
305 
306 7883 2892 9990 1358 9040 325 6949 1430 7694 7454 9191 1736 4507 3837 5710 9337 7321 4348 3823 5005 1770 5234 9829 6592 5794 1839 3656 3863 7526 8859 7120 6467 7732 
307 
308 
309 
310 450 
311 
312 
313 1763 1454 952 7204 5038 8539 9050 9993 6115 456 4313 6188 4823 9671 934 5254 4709 8193 6538 
314 
315 
316 
317 9299 3226 6385 5277 6705 1932 5026 
318 
319 6537 2773 2858 707 4400 5902 2003 850 2183 3354 9283 3092 9703 7912 5045 3637 7670 700 946 118 3345 8911 2454 9746 
320 
321 
322 4377 9160 2790 2630 6467 4107 9086 7968 208 9003 8423 2491 9551 8344 3750 2979 4168 6770 863 1176 6343 9132 254 1702 5434 3651 4414 2030 5674 2871 8681 1585 7537 8124 4224 7952 6230 
323 
324 
325 6778 3728 8068 6281 2569 4619 1552 9260 6115 6765 5122 6001 4780 6625 9800 1174 7423 1181 5726 3493 6526 9936 7399 4159 2223 944 9498 286 
326 7517 4176 6467 7133 7088 6369 1252 3207 2209 2538 8344 1981 7787 2383 9137 8325 9837 9261 575 5726 7146 2871 1528 4055 8362 8405 9609 8221 3386 1464 8090 690 
327 
328 7285 2704 3792 9731 2437 3395 1560 2870 9607 2670 7426 6390 3453 2060 9940 4401 3504 7233 3714 4970 7216 7167 6451 6499 6729 1940 2223 8524 9374 7968 
329 3521 221 2437 5772 557 9480 2184 9548 9579 7036 2842 2978 3963 2740 1741 1579 7142 6334 7607 478 4730 4342 2029 3297 8331 4580 
330 979 4728 8663 1149 
331 
332 
333 6547 9265 6635 4539 951 5003 496 2064 3537 4463 726 8566 9083 6842 4450 4294 6970 7216 857 4822 6198 8142 2000 5525 219 7318 7373 7975 
334 5307 2414 5887 5295 5921 8344 7653 325 6390 5871 5349 9337 1050 4069 9608 6374 7221 5525 7960 9645 1352 9487 485 8723 9377 7260 5474 5526 5740 8425 1353 847 
335 
336 1979 
337 
338 
339 
340 
341 
342 
343 4558 8068 3285 7771 6982 2902 6469 8257 6833 2739 8986 5604 7233 9283 1912 6511 575 3225 4106 9085 5910 3356 1929 
344 
345 
346 
347 4340 3584 457 2707 5572 9510 3051 7733 254 6326 307 8702 1912 2842 7457 3319 1916 9684 834 7336 7912 9692 2753 8918 5979 6143 2465 
348 420 8841 2533 2699 4060 2875 1638 4168 8414 2239 2972 1686 7199 6409 7318 4150 5867 2302 3897 4985 6458 
349 
350 5064 1710 
351 5862 8069 8462 2858 552 1358 7206 1647 991 9120 395 6095 4056 3268 993 3352 2653 6863 2783 4504 4709 9901 1067 9071 4324 5869 
352 
353 843 9461 221 3427 3043 3700 4884 1223 8908 1822 8566 9709 232 8167 110 6509 4068 7513 8775 9478 3498 6137 3049 3364 6374 8614 9692 9159 513 
354 2790 1353 847 3792 9444 2595 5163 1799 2345 6785 8601 7254 1858 3064 9548 5801 1265 1737 4055 8985 8362 4277 9364 
355 
356 
357 3586 2630 7179 9659 6550 9955 2209 8844 8220 6588 1512 3498 3005 4670 4695 2292 4788 2966 1523 5980 2307 5045 9917 7975 6416 5171 4439 
358 
359 3521 7845 5339 2404 1950 1858 5270 9496 8912 3664 5389 9476 8030 8927 9885 
360 
361 
362 
363 
364 
365 7133 991 2673 7180 6486 4780 1164 7788 3841 5477 397 8060 5566 6662 2990 5494 6477 8671 2685 
366 
367 
368 1979 
369 3602 843 3981 1571 5029 7200 2192 6676 6790 6486 545 5400 7788 9137 1085 7072 871 2634 3699 1740 3552 6416 3603 3025 9045 1763 
370 
371 
372 
373 
374 3836 
375 450 1238 9461 4786 4801 2679 3703 1904 7756 9014 7252 7321 6415 834 8891 9085 6747 3718 6398 7177 1220 7732 1134 
376 8105 221 2533 1216 1287 3561 2670 1139 7180 5583 7511 6855 4418 5129 110 4068 5019 3841 6445 9957 1917 2692 2465 8124 1040 2286 9087 7244 
377 6428 6447 3869 6487 3842 1562 5234 3013 676 5523 2737 1142 6057 4324 2029 6622 7253 6752 9352 3307 
378 
379 9483 8599 4091 1638 6413 4402 110 5702 3005 8686 8081 3963 3707 5674 8973 9843 5910 8899 2750 3025 7177 4574 8031 
380 
381 5862 6465 9404 4558 2662 2857 6895 6765 2232 9982 8726 8930 3853 5429 8300 7336 1658 756 9843 8859 8935 2736 798 3305 
382 
383 
384 
385 
386 
387 
388 6082 2175 7200 8269 3061 468 7929 2260 4093 6099 4517 1164 8507 6699 5509 638 6669 5866 7347 4971 1939 218 1557 
389 
390 7120 
391 4045 2818 5003 557 395 7521 1081 3331 4402 5043 3362 7740 1628 9982 2139 538 2846 1364 686 8918 3111 8116 3232 
392 
393 7782 7992 2699 5902 7569 6771 8601 6413 8947 6903 6100 7485 8904 8157 865 2817 8780 4971 4106 1528 8978 
394 1058 4385 2346 2491 1305 6445 709 9031 4971 9712 872 7904 8874 9865 7276 2462 5316 3219 6473 5771 
395 6049 139 5547 6292 5349 3362 709 9704 5434 8710 9085 4537 1306 1535 1032 7447 9515 6584 
396 2904 205 3728 9032 4886 5645 3607 6909 7369 6798 9332 4691 7040 1807 5747 4572 1204 
397 2704 7992 9107 4045 2983 5448 3089 8896 7929 4843 8887 7050 8775 8593 3434 6909 6046 3374 413 9172 190 252 9498 1920 5465 
398 
399 
400 
401 
402 2790 2858 2699 3869 2818 8685 7629 921 6631 8210 8259 8188 6464 437 1174 756 686 5214 8899 5408 6477 9487 1997 
403 4531 9160 2904 5097 9086 4286 2480 8235 1328 3232 8248 2595 2064 2979 8844 4356 1430 3104 437 5780 4636 3607 3963 3454 6198 8142 1414 5214 9918 9645 8800 
404 7833 269 7419 8256 4203 2113 130 6261 3864 1741 413 4055 219 3814 8925 2168 9185 
405 
406 
407 
408 
409 
410 3586 238 8883 2263 457 9467 5997 7786 9709 1962 8414 5946 7525 1439 8014 2256 6798 871 1749 5630 272 6401 946 950 1969 2165 9270 
411 7992 9107 4045 2983 8896 7929 8775 8593 3434 6909 6046 3374 190 252 9498 1920 5465 
412 2685 139 7902 4400 6744 1287 9933 5295 5543 9993 5112 1081 8831 232 6731 8106 2458 3434 7036 3704 6786 7369 1425 3409 8377 8142 9692 
413 
414 
415 
416 3982 6584 2790 6672 6306 4367 8269 4870 5304 6731 8106 6400 4214 5365 8634 3092 8702 9704 1852 5301 7336 8405 5907 478 9181 
417 
418 1238 3541 5885 4884 2209 4004 9795 9451 1242 4749 4069 5433 6102 2877 7889 7772 6544 6143 4844 5416 
419 5307 1601 7795 5902 6447 2857 951 496 4437 1736 132 1554 1176 6355 6387 7064 3405 670 738 6592 2978 5674 355 7068 2771 3836 
420 
421 4786 1216 1091 9107 5838 4528 56 4378 6511 1846 5434 2876 7038 7142 7199 5942 6143 5700 9206 
422 6021 4624 3103 2052 7210 9720 921 4004 9623 6028 7459 132 5033 3164 7525 8787 3352 686 9865 4797 286 9878 9208 3479 3256 
423 1358 9933 9349 2192 7771 6698 90 5288 6391 4913 7602 5737 5981 1721 3612 9159 1106 145 5605 1920 2335 6604 
424 3753 1256 9260 937 6982 774 3354 3820 8392 9957 1341 
425 
426 
427 
428 
429 650 9138 1657 3964 4784 5149 6024 
430 3316 625 8140 1546 1223 2732 6797 9970 3405 3801 2598 3231 9325 6421 9961 
431 
432 2013 9404 9086 5643 7210 5656 782 2583 8104 9965 3102 6391 8814 6460 3362 340 4378 3989 3319 1721 3409 8287 9376 9692 5232 2543 190 6829 9026 
433 
434 139 8069 8618 6360 1546 9444 6447 2857 4760 2345 6347 7615 8958 3326 75 7459 8008 9586 444 5780 9273 2256 1276 3865 7078 145 5846 5069 
435 
436 
437 
438 7795 574 3207 454 5397 4348 1305 1345 1939 4951 9065 2855 6362 
439 6082 468 4517 6699 5509 638 7347 5862 8069 
440 3584 3751 9510 1942 7861 7856 3160 1242 1176 8904 2970 4282 2396 5433 5768 9764 9330 585 3853 5301 2156 
441 
442 8193 4399 9933 9677 1638 726 3241 8831 7610 7788 7740 1761 10 239 3657 4537 5755 8939 9722 
443 
444 1784 6369 7206 468 4437 9050 6652 8797 2867 7922 8912 132 675 6460 7740 1405 3 3704 1613 5390 4414 6198 3864 8060 7068 
445 
446 
447 
448 
449 
450 5917 5860 9003 3751 9465 5304 6855 5636 8375 8986 8256 3801 7423 1719 1175 7599 3238 7772 8935 2526 
451 
452 
453 
454 
455 
456 
457 8043 6537 5783 7782 2414 1328 3784 4034 8958 8566 2752 3706 5477 4378 7706 7167 731 2634 
458 
459 6067 8618 9230 6424 4783 7553 1140 9259 4282 8930 9764 857 5815 7998 5052 
460 
461 
462 
463 
464 6538 4176 4558 7266 8883 4400 2263 1868 8844 6842 3664 1570 3434 2002 8776 2938 5609 8925 478 8885 285 
465 
466 2413 8423 9970 1555 7820 232 9083 5019 8325 9205 6137 7725 9395 2403 6102 5992 252 
467 6482 843 7519 876 2979 6631 2932 9988 1465 4069 3005 9995 7622 9192 770 7744 5525 9936 1276 1779 6544 1009 
468 
469 5917 7439 7787 896 4783 9666 9259 9594 7998 6639 1749 10 4586 6438 613 4945 
470 8883 1546 7193 2818 937 6292 6765 5270 5654 4507 7349 9205 5234 7036 9281 8405 5566 8899 455 5700 
471 3380 8908 9795 7733 176 3186 1779 6334 842 9385 5192 2278 2037 5474 4439 9742 
472 139 6360 6347 7615 75 8008 444 5780 9273 2256 1276 3865 7078 145 5846 5069 
473 8920 2136 5993 3104 5349 1123 8167 8015 7280 3049 3707 7622 756 
474 
475 4170 7992 9003 9215 6250 4168 9169 3117 8014 9248 190 3403 9697 9815 
476 3541 2346 9230 7392 5767 5636 5580 1465 1157 7290 5224 5232 8405 239 5214 4977 4407 3080 
477 9270 838 8920 7147 3102 6509 2613 8894 5981 2842 738 3268 676 1077 5294 8533 8574 1220 3479 
478 4531 3981 8685 9036 4870 7023 4402 5129 279 9548 4068 9608 6130 4252 7221 7037 2483 2223 2161 2750 8939 
479 
480 
481 
482 
483 4457 8696 7629 4463 4561 8601 3665 4402 1512 7126 437 3234 1761 9169 5434 7984 660 8874 4966 4178 1142 1937 2161 
484 
485 3783 3753 7133 4129 4870 4886 5194 8169 2171 9666 6734 1628 2321 5674 7178 8891 2543 9602 1040 742 
486 
487 1134 867 9467 6331 726 5553 5857 1538 444 6681 1613 9957 5185 2783 2966 5980 9901 8090 4241 8723 
488 135 2263 9260 1739 6413 8931 4232 8614 7038 7896 7811 8978 8681 
489 8043 2662 3700 876 9349 4437 1728 6731 3505 1554 1176 6011 9837 3268 1846 7904 9936 1918 1585 485 6762 
490 
491 3395 1560 7426 4401 3504 6499 8524 4527 
492 
493 
494 
495 
496 2013 7902 761 3869 3961 2158 6331 9354 2458 7755 2842 3 9031 4695 5467 4966 2393 4178 4730 517 
497 3541 2346 7392 5767 5580 1465 1157 7290 239 4977 4407 3080 
498 2264 1454 8105 3320 1287 8150 2518 8844 6250 8880 9623 7023 5212 5726 467 3789 8287 8532 4504 3044 
499 8663 4457 4948 2732 5997 6028 8259 9965 5801 3727 
