100
0 4785 6924 547 6666 6847 1497 2525 5643 6434 7864 976 1864 9718 4906 4781 1279 9973 2149 234 4690 9289 7866 1582 7546 3714 1950 3298 9520 2828 1663 3651 9795 8376 1738 6109 8957 77 5479 7592 3844 2841 4642 5707 2160 5892 9250 143 3218 3083 7685 6642 9445 6075 3206 2534 7288 9837 4133 6685 7941 3009 7186 5883 600 7420 8202 5374 7953 9325 5930 4824 5985 3105 9300 4730 4457 729 6486 8966 1514 8075 9766 4811 8090 2965 1328 824 51 6940 2661 728 7707 178 6374 3395 5997 566 9964 421 1456 6153 7836 9455 9274 8789 5767 7374 4825 4251 8931 7812 2992 2274 1405 5857 6887 4177 5051 2035 7641 8317 7431 2814 9191 1297 3356 2812 7518 6874 981 9000 4087 9966 4900 8830 1881 5030 9776 9924 1854 781 9890 8910 688 5235 2730 6015 4977 1275 8166 5659 5916 3281 5619 1989 3595 9293 6868 7615 9533 7489 3110 6921 1084 8290 2878 6613 3550 9102 410 7623 1221 5123 4139 5116 837 6349 8711 8600 651 7403 6902 3781 4290 2810 7079 5295 7426 2083 718 6816 1557 2978 3275 9881 7253 8624 1698 1461 7450 81 9021 5042 7115 4596 3635 4986 1249 5406 7694 
1 4785 6924 547 6666 6847 1497 2525 5643 6434 7864 976 1864 9718 4906 4781 1279 9973 2149 234 4690 9289 7866 1582 7546 3714 1950 3298 9520 2828 1663 3651 9795 8376 1738 6109 8957 77 5479 7592 3844 2841 4642 5707 2160 5892 9250 143 3218 3083 7685 6642 9445 6075 3206 2534 7288 9837 4133 6685 7941 3009 7186 5883 600 7420 8202 5374 7953 9325 5930 4824 5985 3105 9300 4730 4457 729 6486 8966 1514 8075 9766 4811 8090 2965 1328 824 51 6940 2661 728 7707 178 6374 3395 5997 566 9964 421 1456 6153 7836 9455 9274 8789 5767 7374 4825 4251 8931 7812 2992 2274 1405 5857 6887 4177 5051 2035 7641 8317 7431 2814 9191 1297 3356 2812 7518 6874 981 9000 4087 9966 4900 8830 1881 5030 9776 9924 1854 781 9890 8910 688 5235 2730 6015 4977 1275 8166 5659 5916 3281 5619 1989 3595 9293 6868 7615 9533 7489 3110 6921 1084 8290 2878 6613 3550 9102 410 7623 1221 5123 4139 5116 837 6349 8711 8600 651 7403 6902 3781 4290 2810 7079 5295 7426 2083 718 6816 1557 2978 3275 9881 7253 8624 1698 1461 7450 81 9021 5042 7115 4596 3635 4986 1249 5406 7694 
2 4785 6924 547 6666 6847 1497 2525 5643 6434 7864 976 1864 9718 4906 4781 1279 9973 2149 234 4690 9289 7866 1582 7546 3714 1950 3298 9520 2828 1663 3651 9795 8376 1738 6109 8957 77 5479 7592 3844 2841 4642 5707 2160 5892 9250 143 3218 3083 7685 6642 9445 6075 3206 2534 7288 9837 4133 6685 7941 3009 7186 5883 600 7420 8202 5374 7953 9325 5930 4824 5985 3105 9300 4730 4457 729 6486 8966 1514 8075 9766 4811 8090 2965 1328 824 51 6940 2661 728 7707 178 6374 3395 5997 566 9964 421 1456 6153 7836 9455 9274 8789 5767 7374 4825 4251 8931 7812 2992 2274 1405 5857 6887 4177 5051 2035 7641 8317 7431 2814 9191 1297 3356 2812 7518 6874 981 9000 4087 9966 4900 8830 1881 5030 9776 9924 1854 781 9890 8910 688 5235 2730 6015 4977 1275 8166 5659 5916 3281 5619 1989 3595 9293 6868 7615 9533 7489 3110 6921 1084 8290 2878 6613 3550 9102 410 7623 1221 5123 4139 5116 837 6349 8711 8600 651 7403 6902 3781 4290 2810 7079 5295 7426 2083 718 6816 1557 2978 3275 9881 7253 8624 1698 1461 7450 81 9021 5042 7115 4596 3635 4986 1249 5406 7694 
3 4785 6924 547 6666 6847 1497 2525 5643 6434 7864 976 1864 9718 4906 4781 1279 9973 2149 234 4690 9289 7866 1582 7546 3714 1950 3298 9520 2828 1663 3651 9795 8376 1738 6109 8957 77 5479 7592 3844 2841 4642 5707 2160 5892 9250 143 3218 3083 7685 6642 9445 6075 3206 2534 7288 9837 4133 6685 7941 3009 7186 5883 600 7420 8202 5374 7953 9325 5930 4824 5985 3105 9300 4730 4457 729 6486 8966 1514 8075 9766 4811 8090 2965 1328 824 51 6940 2661 728 7707 178 6374 3395 5997 566 9964 421 1456 6153 7836 9455 9274 8789 5767 7374 4825 4251 8931 7812 2992 2274 1405 5857 6887 4177 5051 2035 7641 8317 7431 2814 9191 1297 3356 2812 7518 6874 981 9000 4087 9966 4900 8830 1881 5030 9776 9924 1854 781 9890 8910 688 5235 2730 6015 4977 1275 8166 5659 5916 3281 5619 1989 3595 9293 6868 7615 9533 7489 3110 6921 1084 8290 2878 6613 3550 9102 410 7623 1221 5123 4139 5116 837 6349 8711 8600 651 7403 6902 3781 4290 2810 7079 5295 7426 2083 718 6816 1557 2978 3275 9881 7253 8624 1698 1461 7450 81 9021 5042 7115 4596 3635 4986 1249 5406 7694 
4 
5 
6 
7 
8 
9 
10 
11 
12 
13 
14 
15 
16 
17 
18 
19 
20 
21 
22 
23 
24 
25 
26 
27 
28 
29 
30 
31 
32 
33 
34 
35 
36 
37 
38 
39 
40 
41 
42 
43 
44 
45 
46 
47 
48 
49 
50 
51 
52 
53 
54 
55 
56 
57 
58 
59 
60 
61 
62 
63 
64 
65 
66 
67 
68 
69 
70 
71 
72 
73 
74 
75 
76 
77 
78 
79 
80 
81 
82 
83 
84 
85 
86 
87 
88 
89 
90 
91 
92 
93 
94 
95 
96 
97 
98 
99 
