100
0 1263 
1 1290 
2 1495 867 
3 3097 
4 3975 1502 
5 
6 1310 
7 1315 2264 1290 
8 1290 
9 
10 1737 708 
11 
12 1502 1310 
13 
14 2153 
15 
16 1315 
17 
18 708 
19 2264 1737 5926 3244 
20 1290 
21 2264 1482 
22 708 3849 
23 
24 1671 2264 
25 1482 
26 1077 3975 
27 1954 1671 
28 708 1263 5921 
29 2153 
30 
31 5921 3097 
32 5921 3975 
33 2848 3097 
34 2153 3097 
35 
36 
37 1737 
38 
39 1671 
40 
41 
42 1263 2848 
43 2848 
44 3849 
45 
46 1502 2848 
47 1502 1310 7055 
48 
49 1671 
50 3244 1310 
51 2818 9365 
52 3849 
53 
54 
55 
56 3756 3244 
57 3975 1263 
58 
59 
60 
61 1737 
62 
63 
64 9584 
65 3244 
66 
67 
68 
69 
70 6729 
71 1495 
72 1495 
73 1495 867 
74 
75 
76 
77 
78 1482 7055 
79 4371 
80 
81 
82 
83 
84 9584 
85 6729 
86 1482 7055 
87 
88 
89 
90 
91 
92 
93 1077 
94 
95 
96 7055 
97 
98 
99 3849 
